Compiling the C compiler identification source file "CMakeCCompilerId.c" failed.
Compiler: /home/weqasds/gcc-arm-none-eabi-12.4/bin/arm-none-eabi-gcc 
Build flags: 
Id flags:  

The output was:
1
/home/weqasds/gcc-arm-none-eabi-12.4/lib/gcc/arm-none-eabi/12.4.0/../../../../arm-none-eabi/bin/ld: cannot find crt0.o: No such file or directory
/home/weqasds/gcc-arm-none-eabi-12.4/lib/gcc/arm-none-eabi/12.4.0/../../../../arm-none-eabi/bin/ld: cannot find -lc: No such file or directory
collect2: error: ld returned 1 exit status


Compiling the CXX compiler identification source file "CMakeCXXCompilerId.cpp" failed.
Compiler: /home/weqasds/gcc-arm-none-eabi-12.4/bin/arm-none-eabi-g++ 
Build flags: 
Id flags:  

The output was:
1
/home/weqasds/gcc-arm-none-eabi-12.4/lib/gcc/arm-none-eabi/12.4.0/../../../../arm-none-eabi/bin/ld: cannot find crt0.o: No such file or directory
/home/weqasds/gcc-arm-none-eabi-12.4/lib/gcc/arm-none-eabi/12.4.0/../../../../arm-none-eabi/bin/ld: cannot find -lstdc++: No such file or directory
/home/weqasds/gcc-arm-none-eabi-12.4/lib/gcc/arm-none-eabi/12.4.0/../../../../arm-none-eabi/bin/ld: cannot find -lm: No such file or directory
/home/weqasds/gcc-arm-none-eabi-12.4/lib/gcc/arm-none-eabi/12.4.0/../../../../arm-none-eabi/bin/ld: cannot find -lc: No such file or directory
collect2: error: ld returned 1 exit status


Detecting C compiler ABI info failed to compile with the following output:
Change Dir: /workspaces/Armdax9OS/out/build/ArmDax9OS/CMakeFiles/CMakeTmp

Run Build Command(s):/usr/bin/gmake -f Makefile cmTC_cbf81/fast && /usr/bin/gmake  -f CMakeFiles/cmTC_cbf81.dir/build.make CMakeFiles/cmTC_cbf81.dir/build
gmake[1]: Entering directory '/workspaces/Armdax9OS/out/build/ArmDax9OS/CMakeFiles/CMakeTmp'
Building C object CMakeFiles/cmTC_cbf81.dir/CMakeCCompilerABI.c.o
/home/weqasds/gcc-arm-none-eabi-12.4/bin/arm-none-eabi-gcc   -v -o CMakeFiles/cmTC_cbf81.dir/CMakeCCompilerABI.c.o -c /usr/share/cmake-3.22/Modules/CMakeCCompilerABI.c
Using built-in specs.
COLLECT_GCC=/home/weqasds/gcc-arm-none-eabi-12.4/bin/arm-none-eabi-gcc
Target: arm-none-eabi
Configured with: ../gcc-12.4.0/configure --target=arm-none-eabi --prefix=/home/weqasds/gcc-arm-none-eabi-12.4 --enable-languages=c,c++ --disable-nls --disable-werror --without-headers
Thread model: single
Supported LTO compression algorithms: zlib
gcc version 12.4.0 (GCC) 
COLLECT_GCC_OPTIONS='-v' '-o' 'CMakeFiles/cmTC_cbf81.dir/CMakeCCompilerABI.c.o' '-c' '-mcpu=arm7tdmi' '-marm' '-mlibarch=armv4t' '-march=armv4t' '-dumpdir' 'CMakeFiles/cmTC_cbf81.dir/'
 /home/weqasds/gcc-arm-none-eabi-12.4/libexec/gcc/arm-none-eabi/12.4.0/cc1 -quiet -v -D__USES_INITFINI__ /usr/share/cmake-3.22/Modules/CMakeCCompilerABI.c -quiet -dumpdir CMakeFiles/cmTC_cbf81.dir/ -dumpbase CMakeCCompilerABI.c.c -dumpbase-ext .c -mcpu=arm7tdmi -marm -mlibarch=armv4t -march=armv4t -version -o /tmp/cckwrTwM.s
GNU C17 (GCC) version 12.4.0 (arm-none-eabi)
	compiled by GNU C version 11.4.0, GMP version 6.2.1, MPFR version 4.1.0, MPC version 1.2.1, isl version isl-0.24-GMP

GGC heuristics: --param ggc-min-expand=100 --param ggc-min-heapsize=131072
ignoring nonexistent directory "/home/weqasds/gcc-arm-none-eabi-12.4/lib/gcc/arm-none-eabi/12.4.0/../../../../arm-none-eabi/sys-include"
ignoring nonexistent directory "/home/weqasds/gcc-arm-none-eabi-12.4/lib/gcc/arm-none-eabi/12.4.0/../../../../arm-none-eabi/include"
#include "..." search starts here:
#include <...> search starts here:
 /home/weqasds/gcc-arm-none-eabi-12.4/lib/gcc/arm-none-eabi/12.4.0/include
 /home/weqasds/gcc-arm-none-eabi-12.4/lib/gcc/arm-none-eabi/12.4.0/include-fixed
End of search list.
GNU C17 (GCC) version 12.4.0 (arm-none-eabi)
	compiled by GNU C version 11.4.0, GMP version 6.2.1, MPFR version 4.1.0, MPC version 1.2.1, isl version isl-0.24-GMP

GGC heuristics: --param ggc-min-expand=100 --param ggc-min-heapsize=131072
Compiler executable checksum: 404f5d75d4edcb19af470398d213b4bf
COLLECT_GCC_OPTIONS='-v' '-o' 'CMakeFiles/cmTC_cbf81.dir/CMakeCCompilerABI.c.o' '-c' '-mcpu=arm7tdmi' '-marm' '-mlibarch=armv4t' '-march=armv4t' '-dumpdir' 'CMakeFiles/cmTC_cbf81.dir/'
 /home/weqasds/gcc-arm-none-eabi-12.4/lib/gcc/arm-none-eabi/12.4.0/../../../../arm-none-eabi/bin/as -march=armv4t -meabi=5 -o CMakeFiles/cmTC_cbf81.dir/CMakeCCompilerABI.c.o /tmp/cckwrTwM.s
COMPILER_PATH=/home/weqasds/gcc-arm-none-eabi-12.4/libexec/gcc/arm-none-eabi/12.4.0/:/home/weqasds/gcc-arm-none-eabi-12.4/libexec/gcc/arm-none-eabi/12.4.0/:/home/weqasds/gcc-arm-none-eabi-12.4/libexec/gcc/arm-none-eabi/:/home/weqasds/gcc-arm-none-eabi-12.4/lib/gcc/arm-none-eabi/12.4.0/:/home/weqasds/gcc-arm-none-eabi-12.4/lib/gcc/arm-none-eabi/:/home/weqasds/gcc-arm-none-eabi-12.4/lib/gcc/arm-none-eabi/12.4.0/../../../../arm-none-eabi/bin/
LIBRARY_PATH=/home/weqasds/gcc-arm-none-eabi-12.4/lib/gcc/arm-none-eabi/12.4.0/:/home/weqasds/gcc-arm-none-eabi-12.4/lib/gcc/arm-none-eabi/12.4.0/../../../../arm-none-eabi/lib/
COLLECT_GCC_OPTIONS='-v' '-o' 'CMakeFiles/cmTC_cbf81.dir/CMakeCCompilerABI.c.o' '-c' '-mcpu=arm7tdmi' '-marm' '-mlibarch=armv4t' '-march=armv4t' '-dumpdir' 'CMakeFiles/cmTC_cbf81.dir/CMakeCCompilerABI.c.'
Linking C executable cmTC_cbf81
/usr/bin/cmake -E cmake_link_script CMakeFiles/cmTC_cbf81.dir/link.txt --verbose=1
/home/weqasds/gcc-arm-none-eabi-12.4/bin/arm-none-eabi-gcc  -v -rdynamic CMakeFiles/cmTC_cbf81.dir/CMakeCCompilerABI.c.o -o cmTC_cbf81 
Using built-in specs.
COLLECT_GCC=/home/weqasds/gcc-arm-none-eabi-12.4/bin/arm-none-eabi-gcc
COLLECT_LTO_WRAPPER=/home/weqasds/gcc-arm-none-eabi-12.4/libexec/gcc/arm-none-eabi/12.4.0/lto-wrapper
arm-none-eabi-gcc: error: unrecognized command-line option '-rdynamic'
Target: arm-none-eabi
Configured with: ../gcc-12.4.0/configure --target=arm-none-eabi --prefix=/home/weqasds/gcc-arm-none-eabi-12.4 --enable-languages=c,c++ --disable-nls --disable-werror --without-headers
Thread model: single
Supported LTO compression algorithms: zlib
gcc version 12.4.0 (GCC) 
gmake[1]: *** [CMakeFiles/cmTC_cbf81.dir/build.make:99: cmTC_cbf81] Error 1
gmake[1]: Leaving directory '/workspaces/Armdax9OS/out/build/ArmDax9OS/CMakeFiles/CMakeTmp'
gmake: *** [Makefile:127: cmTC_cbf81/fast] Error 2




Determining if the C compiler works failed with the following output:
Change Dir: /workspaces/Armdax9OS/out/build/ArmDax9OS/CMakeFiles/CMakeTmp

Run Build Command(s):/usr/bin/gmake -f Makefile cmTC_8c890/fast && /usr/bin/gmake  -f CMakeFiles/cmTC_8c890.dir/build.make CMakeFiles/cmTC_8c890.dir/build
gmake[1]: Entering directory '/workspaces/Armdax9OS/out/build/ArmDax9OS/CMakeFiles/CMakeTmp'
Building C object CMakeFiles/cmTC_8c890.dir/testCCompiler.c.o
/home/weqasds/gcc-arm-none-eabi-12.4/bin/arm-none-eabi-gcc    -o CMakeFiles/cmTC_8c890.dir/testCCompiler.c.o -c /workspaces/Armdax9OS/out/build/ArmDax9OS/CMakeFiles/CMakeTmp/testCCompiler.c
Linking C executable cmTC_8c890
/usr/bin/cmake -E cmake_link_script CMakeFiles/cmTC_8c890.dir/link.txt --verbose=1
/home/weqasds/gcc-arm-none-eabi-12.4/bin/arm-none-eabi-gcc -rdynamic CMakeFiles/cmTC_8c890.dir/testCCompiler.c.o -o cmTC_8c890 
arm-none-eabi-gcc: error: unrecognized command-line option '-rdynamic'
gmake[1]: *** [CMakeFiles/cmTC_8c890.dir/build.make:99: cmTC_8c890] Error 1
gmake[1]: Leaving directory '/workspaces/Armdax9OS/out/build/ArmDax9OS/CMakeFiles/CMakeTmp'
gmake: *** [Makefile:127: cmTC_8c890/fast] Error 2



Compiling the C compiler identification source file "CMakeCCompilerId.c" failed.
Compiler: /home/weqasds/gcc-arm-none-eabi-12.4/bin/arm-none-eabi-gcc 
Build flags: 
Id flags:  

The output was:
1
/home/weqasds/gcc-arm-none-eabi-12.4/lib/gcc/arm-none-eabi/12.4.0/../../../../arm-none-eabi/bin/ld: cannot find crt0.o: No such file or directory
/home/weqasds/gcc-arm-none-eabi-12.4/lib/gcc/arm-none-eabi/12.4.0/../../../../arm-none-eabi/bin/ld: cannot find -lc: No such file or directory
collect2: error: ld returned 1 exit status


Compiling the CXX compiler identification source file "CMakeCXXCompilerId.cpp" failed.
Compiler: /home/weqasds/gcc-arm-none-eabi-12.4/bin/arm-none-eabi-g++ 
Build flags: 
Id flags:  

The output was:
1
/home/weqasds/gcc-arm-none-eabi-12.4/lib/gcc/arm-none-eabi/12.4.0/../../../../arm-none-eabi/bin/ld: cannot find crt0.o: No such file or directory
/home/weqasds/gcc-arm-none-eabi-12.4/lib/gcc/arm-none-eabi/12.4.0/../../../../arm-none-eabi/bin/ld: cannot find -lstdc++: No such file or directory
/home/weqasds/gcc-arm-none-eabi-12.4/lib/gcc/arm-none-eabi/12.4.0/../../../../arm-none-eabi/bin/ld: cannot find -lm: No such file or directory
/home/weqasds/gcc-arm-none-eabi-12.4/lib/gcc/arm-none-eabi/12.4.0/../../../../arm-none-eabi/bin/ld: cannot find -lc: No such file or directory
collect2: error: ld returned 1 exit status


Detecting C compiler ABI info failed to compile with the following output:
Change Dir: /workspaces/Armdax9OS/out/build/ArmDax9OS/CMakeFiles/CMakeTmp

Run Build Command(s):/usr/bin/gmake -f Makefile cmTC_d0f1d/fast && /usr/bin/gmake  -f CMakeFiles/cmTC_d0f1d.dir/build.make CMakeFiles/cmTC_d0f1d.dir/build
gmake[1]: Entering directory '/workspaces/Armdax9OS/out/build/ArmDax9OS/CMakeFiles/CMakeTmp'
Building C object CMakeFiles/cmTC_d0f1d.dir/CMakeCCompilerABI.c.o
/home/weqasds/gcc-arm-none-eabi-12.4/bin/arm-none-eabi-gcc   -v -o CMakeFiles/cmTC_d0f1d.dir/CMakeCCompilerABI.c.o -c /usr/share/cmake-3.22/Modules/CMakeCCompilerABI.c
Using built-in specs.
COLLECT_GCC=/home/weqasds/gcc-arm-none-eabi-12.4/bin/arm-none-eabi-gcc
Target: arm-none-eabi
Configured with: ../gcc-12.4.0/configure --target=arm-none-eabi --prefix=/home/weqasds/gcc-arm-none-eabi-12.4 --enable-languages=c,c++ --disable-nls --disable-werror --without-headers
Thread model: single
Supported LTO compression algorithms: zlib
gcc version 12.4.0 (GCC) 
COLLECT_GCC_OPTIONS='-v' '-o' 'CMakeFiles/cmTC_d0f1d.dir/CMakeCCompilerABI.c.o' '-c' '-mcpu=arm7tdmi' '-marm' '-mlibarch=armv4t' '-march=armv4t' '-dumpdir' 'CMakeFiles/cmTC_d0f1d.dir/'
 /home/weqasds/gcc-arm-none-eabi-12.4/libexec/gcc/arm-none-eabi/12.4.0/cc1 -quiet -v -D__USES_INITFINI__ /usr/share/cmake-3.22/Modules/CMakeCCompilerABI.c -quiet -dumpdir CMakeFiles/cmTC_d0f1d.dir/ -dumpbase CMakeCCompilerABI.c.c -dumpbase-ext .c -mcpu=arm7tdmi -marm -mlibarch=armv4t -march=armv4t -version -o /tmp/ccHwlfR3.s
GNU C17 (GCC) version 12.4.0 (arm-none-eabi)
	compiled by GNU C version 11.4.0, GMP version 6.2.1, MPFR version 4.1.0, MPC version 1.2.1, isl version isl-0.24-GMP

GGC heuristics: --param ggc-min-expand=100 --param ggc-min-heapsize=131072
ignoring nonexistent directory "/home/weqasds/gcc-arm-none-eabi-12.4/lib/gcc/arm-none-eabi/12.4.0/../../../../arm-none-eabi/sys-include"
ignoring nonexistent directory "/home/weqasds/gcc-arm-none-eabi-12.4/lib/gcc/arm-none-eabi/12.4.0/../../../../arm-none-eabi/include"
#include "..." search starts here:
#include <...> search starts here:
 /home/weqasds/gcc-arm-none-eabi-12.4/lib/gcc/arm-none-eabi/12.4.0/include
 /home/weqasds/gcc-arm-none-eabi-12.4/lib/gcc/arm-none-eabi/12.4.0/include-fixed
End of search list.
GNU C17 (GCC) version 12.4.0 (arm-none-eabi)
	compiled by GNU C version 11.4.0, GMP version 6.2.1, MPFR version 4.1.0, MPC version 1.2.1, isl version isl-0.24-GMP

GGC heuristics: --param ggc-min-expand=100 --param ggc-min-heapsize=131072
Compiler executable checksum: 404f5d75d4edcb19af470398d213b4bf
COLLECT_GCC_OPTIONS='-v' '-o' 'CMakeFiles/cmTC_d0f1d.dir/CMakeCCompilerABI.c.o' '-c' '-mcpu=arm7tdmi' '-marm' '-mlibarch=armv4t' '-march=armv4t' '-dumpdir' 'CMakeFiles/cmTC_d0f1d.dir/'
 /home/weqasds/gcc-arm-none-eabi-12.4/lib/gcc/arm-none-eabi/12.4.0/../../../../arm-none-eabi/bin/as -march=armv4t -meabi=5 -o CMakeFiles/cmTC_d0f1d.dir/CMakeCCompilerABI.c.o /tmp/ccHwlfR3.s
COMPILER_PATH=/home/weqasds/gcc-arm-none-eabi-12.4/libexec/gcc/arm-none-eabi/12.4.0/:/home/weqasds/gcc-arm-none-eabi-12.4/libexec/gcc/arm-none-eabi/12.4.0/:/home/weqasds/gcc-arm-none-eabi-12.4/libexec/gcc/arm-none-eabi/:/home/weqasds/gcc-arm-none-eabi-12.4/lib/gcc/arm-none-eabi/12.4.0/:/home/weqasds/gcc-arm-none-eabi-12.4/lib/gcc/arm-none-eabi/:/home/weqasds/gcc-arm-none-eabi-12.4/lib/gcc/arm-none-eabi/12.4.0/../../../../arm-none-eabi/bin/
LIBRARY_PATH=/home/weqasds/gcc-arm-none-eabi-12.4/lib/gcc/arm-none-eabi/12.4.0/:/home/weqasds/gcc-arm-none-eabi-12.4/lib/gcc/arm-none-eabi/12.4.0/../../../../arm-none-eabi/lib/
COLLECT_GCC_OPTIONS='-v' '-o' 'CMakeFiles/cmTC_d0f1d.dir/CMakeCCompilerABI.c.o' '-c' '-mcpu=arm7tdmi' '-marm' '-mlibarch=armv4t' '-march=armv4t' '-dumpdir' 'CMakeFiles/cmTC_d0f1d.dir/CMakeCCompilerABI.c.'
Linking C executable cmTC_d0f1d
/usr/bin/cmake -E cmake_link_script CMakeFiles/cmTC_d0f1d.dir/link.txt --verbose=1
/home/weqasds/gcc-arm-none-eabi-12.4/bin/arm-none-eabi-gcc  -v -rdynamic CMakeFiles/cmTC_d0f1d.dir/CMakeCCompilerABI.c.o -o cmTC_d0f1d 
Using built-in specs.
COLLECT_GCC=/home/weqasds/gcc-arm-none-eabi-12.4/bin/arm-none-eabi-gcc
COLLECT_LTO_WRAPPER=/home/weqasds/gcc-arm-none-eabi-12.4/libexec/gcc/arm-none-eabi/12.4.0/lto-wrapper
arm-none-eabi-gcc: error: unrecognized command-line option '-rdynamic'
Target: arm-none-eabi
Configured with: ../gcc-12.4.0/configure --target=arm-none-eabi --prefix=/home/weqasds/gcc-arm-none-eabi-12.4 --enable-languages=c,c++ --disable-nls --disable-werror --without-headers
Thread model: single
Supported LTO compression algorithms: zlib
gcc version 12.4.0 (GCC) 
gmake[1]: *** [CMakeFiles/cmTC_d0f1d.dir/build.make:99: cmTC_d0f1d] Error 1
gmake[1]: Leaving directory '/workspaces/Armdax9OS/out/build/ArmDax9OS/CMakeFiles/CMakeTmp'
gmake: *** [Makefile:127: cmTC_d0f1d/fast] Error 2




Determining if the C compiler works failed with the following output:
Change Dir: /workspaces/Armdax9OS/out/build/ArmDax9OS/CMakeFiles/CMakeTmp

Run Build Command(s):/usr/bin/gmake -f Makefile cmTC_67c63/fast && /usr/bin/gmake  -f CMakeFiles/cmTC_67c63.dir/build.make CMakeFiles/cmTC_67c63.dir/build
gmake[1]: Entering directory '/workspaces/Armdax9OS/out/build/ArmDax9OS/CMakeFiles/CMakeTmp'
Building C object CMakeFiles/cmTC_67c63.dir/testCCompiler.c.o
/home/weqasds/gcc-arm-none-eabi-12.4/bin/arm-none-eabi-gcc    -o CMakeFiles/cmTC_67c63.dir/testCCompiler.c.o -c /workspaces/Armdax9OS/out/build/ArmDax9OS/CMakeFiles/CMakeTmp/testCCompiler.c
Linking C executable cmTC_67c63
/usr/bin/cmake -E cmake_link_script CMakeFiles/cmTC_67c63.dir/link.txt --verbose=1
/home/weqasds/gcc-arm-none-eabi-12.4/bin/arm-none-eabi-gcc -rdynamic CMakeFiles/cmTC_67c63.dir/testCCompiler.c.o -o cmTC_67c63 
arm-none-eabi-gcc: error: unrecognized command-line option '-rdynamic'
gmake[1]: *** [CMakeFiles/cmTC_67c63.dir/build.make:99: cmTC_67c63] Error 1
gmake[1]: Leaving directory '/workspaces/Armdax9OS/out/build/ArmDax9OS/CMakeFiles/CMakeTmp'
gmake: *** [Makefile:127: cmTC_67c63/fast] Error 2



Compiling the C compiler identification source file "CMakeCCompilerId.c" failed.
Compiler: /home/weqasds/gcc-arm-none-eabi-12.4/bin/arm-none-eabi-gcc 
Build flags: 
Id flags:  

The output was:
1
/home/weqasds/gcc-arm-none-eabi-12.4/lib/gcc/arm-none-eabi/12.4.0/../../../../arm-none-eabi/bin/ld: cannot find crt0.o: No such file or directory
/home/weqasds/gcc-arm-none-eabi-12.4/lib/gcc/arm-none-eabi/12.4.0/../../../../arm-none-eabi/bin/ld: cannot find -lc: No such file or directory
collect2: error: ld returned 1 exit status


Compiling the CXX compiler identification source file "CMakeCXXCompilerId.cpp" failed.
Compiler: /home/weqasds/gcc-arm-none-eabi-12.4/bin/arm-none-eabi-g++ 
Build flags: 
Id flags:  

The output was:
1
/home/weqasds/gcc-arm-none-eabi-12.4/lib/gcc/arm-none-eabi/12.4.0/../../../../arm-none-eabi/bin/ld: cannot find crt0.o: No such file or directory
/home/weqasds/gcc-arm-none-eabi-12.4/lib/gcc/arm-none-eabi/12.4.0/../../../../arm-none-eabi/bin/ld: cannot find -lstdc++: No such file or directory
/home/weqasds/gcc-arm-none-eabi-12.4/lib/gcc/arm-none-eabi/12.4.0/../../../../arm-none-eabi/bin/ld: cannot find -lm: No such file or directory
/home/weqasds/gcc-arm-none-eabi-12.4/lib/gcc/arm-none-eabi/12.4.0/../../../../arm-none-eabi/bin/ld: cannot find -lc: No such file or directory
collect2: error: ld returned 1 exit status


Detecting C compiler ABI info failed to compile with the following output:
Change Dir: /workspaces/Armdax9OS/out/build/ArmDax9OS/CMakeFiles/CMakeTmp

Run Build Command(s):/usr/bin/gmake -f Makefile cmTC_0a9ef/fast && /usr/bin/gmake  -f CMakeFiles/cmTC_0a9ef.dir/build.make CMakeFiles/cmTC_0a9ef.dir/build
gmake[1]: Entering directory '/workspaces/Armdax9OS/out/build/ArmDax9OS/CMakeFiles/CMakeTmp'
Building C object CMakeFiles/cmTC_0a9ef.dir/CMakeCCompilerABI.c.o
/home/weqasds/gcc-arm-none-eabi-12.4/bin/arm-none-eabi-gcc   -v -o CMakeFiles/cmTC_0a9ef.dir/CMakeCCompilerABI.c.o -c /usr/share/cmake-3.22/Modules/CMakeCCompilerABI.c
Using built-in specs.
COLLECT_GCC=/home/weqasds/gcc-arm-none-eabi-12.4/bin/arm-none-eabi-gcc
Target: arm-none-eabi
Configured with: ../gcc-12.4.0/configure --target=arm-none-eabi --prefix=/home/weqasds/gcc-arm-none-eabi-12.4 --enable-languages=c,c++ --disable-nls --disable-werror --without-headers
Thread model: single
Supported LTO compression algorithms: zlib
gcc version 12.4.0 (GCC) 
COLLECT_GCC_OPTIONS='-v' '-o' 'CMakeFiles/cmTC_0a9ef.dir/CMakeCCompilerABI.c.o' '-c' '-mcpu=arm7tdmi' '-marm' '-mlibarch=armv4t' '-march=armv4t' '-dumpdir' 'CMakeFiles/cmTC_0a9ef.dir/'
 /home/weqasds/gcc-arm-none-eabi-12.4/libexec/gcc/arm-none-eabi/12.4.0/cc1 -quiet -v -D__USES_INITFINI__ /usr/share/cmake-3.22/Modules/CMakeCCompilerABI.c -quiet -dumpdir CMakeFiles/cmTC_0a9ef.dir/ -dumpbase CMakeCCompilerABI.c.c -dumpbase-ext .c -mcpu=arm7tdmi -marm -mlibarch=armv4t -march=armv4t -version -o /tmp/ccAP1NYj.s
GNU C17 (GCC) version 12.4.0 (arm-none-eabi)
	compiled by GNU C version 11.4.0, GMP version 6.2.1, MPFR version 4.1.0, MPC version 1.2.1, isl version isl-0.24-GMP

GGC heuristics: --param ggc-min-expand=100 --param ggc-min-heapsize=131072
ignoring nonexistent directory "/home/weqasds/gcc-arm-none-eabi-12.4/lib/gcc/arm-none-eabi/12.4.0/../../../../arm-none-eabi/sys-include"
ignoring nonexistent directory "/home/weqasds/gcc-arm-none-eabi-12.4/lib/gcc/arm-none-eabi/12.4.0/../../../../arm-none-eabi/include"
#include "..." search starts here:
#include <...> search starts here:
 /home/weqasds/gcc-arm-none-eabi-12.4/lib/gcc/arm-none-eabi/12.4.0/include
 /home/weqasds/gcc-arm-none-eabi-12.4/lib/gcc/arm-none-eabi/12.4.0/include-fixed
End of search list.
GNU C17 (GCC) version 12.4.0 (arm-none-eabi)
	compiled by GNU C version 11.4.0, GMP version 6.2.1, MPFR version 4.1.0, MPC version 1.2.1, isl version isl-0.24-GMP

GGC heuristics: --param ggc-min-expand=100 --param ggc-min-heapsize=131072
Compiler executable checksum: 404f5d75d4edcb19af470398d213b4bf
COLLECT_GCC_OPTIONS='-v' '-o' 'CMakeFiles/cmTC_0a9ef.dir/CMakeCCompilerABI.c.o' '-c' '-mcpu=arm7tdmi' '-marm' '-mlibarch=armv4t' '-march=armv4t' '-dumpdir' 'CMakeFiles/cmTC_0a9ef.dir/'
 /home/weqasds/gcc-arm-none-eabi-12.4/lib/gcc/arm-none-eabi/12.4.0/../../../../arm-none-eabi/bin/as -march=armv4t -meabi=5 -o CMakeFiles/cmTC_0a9ef.dir/CMakeCCompilerABI.c.o /tmp/ccAP1NYj.s
COMPILER_PATH=/home/weqasds/gcc-arm-none-eabi-12.4/libexec/gcc/arm-none-eabi/12.4.0/:/home/weqasds/gcc-arm-none-eabi-12.4/libexec/gcc/arm-none-eabi/12.4.0/:/home/weqasds/gcc-arm-none-eabi-12.4/libexec/gcc/arm-none-eabi/:/home/weqasds/gcc-arm-none-eabi-12.4/lib/gcc/arm-none-eabi/12.4.0/:/home/weqasds/gcc-arm-none-eabi-12.4/lib/gcc/arm-none-eabi/:/home/weqasds/gcc-arm-none-eabi-12.4/lib/gcc/arm-none-eabi/12.4.0/../../../../arm-none-eabi/bin/
LIBRARY_PATH=/home/weqasds/gcc-arm-none-eabi-12.4/lib/gcc/arm-none-eabi/12.4.0/:/home/weqasds/gcc-arm-none-eabi-12.4/lib/gcc/arm-none-eabi/12.4.0/../../../../arm-none-eabi/lib/
COLLECT_GCC_OPTIONS='-v' '-o' 'CMakeFiles/cmTC_0a9ef.dir/CMakeCCompilerABI.c.o' '-c' '-mcpu=arm7tdmi' '-marm' '-mlibarch=armv4t' '-march=armv4t' '-dumpdir' 'CMakeFiles/cmTC_0a9ef.dir/CMakeCCompilerABI.c.'
Linking C executable cmTC_0a9ef
/usr/bin/cmake -E cmake_link_script CMakeFiles/cmTC_0a9ef.dir/link.txt --verbose=1
/home/weqasds/gcc-arm-none-eabi-12.4/bin/arm-none-eabi-gcc  -v CMakeFiles/cmTC_0a9ef.dir/CMakeCCompilerABI.c.o -o cmTC_0a9ef 
Using built-in specs.
COLLECT_GCC=/home/weqasds/gcc-arm-none-eabi-12.4/bin/arm-none-eabi-gcc
COLLECT_LTO_WRAPPER=/home/weqasds/gcc-arm-none-eabi-12.4/libexec/gcc/arm-none-eabi/12.4.0/lto-wrapper
Target: arm-none-eabi
Configured with: ../gcc-12.4.0/configure --target=arm-none-eabi --prefix=/home/weqasds/gcc-arm-none-eabi-12.4 --enable-languages=c,c++ --disable-nls --disable-werror --without-headers
Thread model: single
Supported LTO compression algorithms: zlib
gcc version 12.4.0 (GCC) 
COMPILER_PATH=/home/weqasds/gcc-arm-none-eabi-12.4/libexec/gcc/arm-none-eabi/12.4.0/:/home/weqasds/gcc-arm-none-eabi-12.4/libexec/gcc/arm-none-eabi/12.4.0/:/home/weqasds/gcc-arm-none-eabi-12.4/libexec/gcc/arm-none-eabi/:/home/weqasds/gcc-arm-none-eabi-12.4/lib/gcc/arm-none-eabi/12.4.0/:/home/weqasds/gcc-arm-none-eabi-12.4/lib/gcc/arm-none-eabi/:/home/weqasds/gcc-arm-none-eabi-12.4/lib/gcc/arm-none-eabi/12.4.0/../../../../arm-none-eabi/bin/
LIBRARY_PATH=/home/weqasds/gcc-arm-none-eabi-12.4/lib/gcc/arm-none-eabi/12.4.0/:/home/weqasds/gcc-arm-none-eabi-12.4/lib/gcc/arm-none-eabi/12.4.0/../../../../arm-none-eabi/lib/
COLLECT_GCC_OPTIONS='-v' '-o' 'cmTC_0a9ef' '-mcpu=arm7tdmi' '-marm' '-mlibarch=armv4t' '-march=armv4t' '-dumpdir' 'cmTC_0a9ef.'
 /home/weqasds/gcc-arm-none-eabi-12.4/libexec/gcc/arm-none-eabi/12.4.0/collect2 -plugin /home/weqasds/gcc-arm-none-eabi-12.4/libexec/gcc/arm-none-eabi/12.4.0/liblto_plugin.so -plugin-opt=/home/weqasds/gcc-arm-none-eabi-12.4/libexec/gcc/arm-none-eabi/12.4.0/lto-wrapper -plugin-opt=-fresolution=/tmp/ccOLoayz.res -plugin-opt=-pass-through=-lgcc -plugin-opt=-pass-through=-lc -X -o cmTC_0a9ef /home/weqasds/gcc-arm-none-eabi-12.4/lib/gcc/arm-none-eabi/12.4.0/crti.o /home/weqasds/gcc-arm-none-eabi-12.4/lib/gcc/arm-none-eabi/12.4.0/crtbegin.o crt0.o -L/home/weqasds/gcc-arm-none-eabi-12.4/lib/gcc/arm-none-eabi/12.4.0 -L/home/weqasds/gcc-arm-none-eabi-12.4/lib/gcc/arm-none-eabi/12.4.0/../../../../arm-none-eabi/lib CMakeFiles/cmTC_0a9ef.dir/CMakeCCompilerABI.c.o --start-group -lgcc -lc --end-group /home/weqasds/gcc-arm-none-eabi-12.4/lib/gcc/arm-none-eabi/12.4.0/crtend.o /home/weqasds/gcc-arm-none-eabi-12.4/lib/gcc/arm-none-eabi/12.4.0/crtn.o
/home/weqasds/gcc-arm-none-eabi-12.4/lib/gcc/arm-none-eabi/12.4.0/../../../../arm-none-eabi/bin/ld: cannot find crt0.o: No such file or directory
/home/weqasds/gcc-arm-none-eabi-12.4/lib/gcc/arm-none-eabi/12.4.0/../../../../arm-none-eabi/bin/ld: cannot find -lc: No such file or directory
collect2: error: ld returned 1 exit status
gmake[1]: *** [CMakeFiles/cmTC_0a9ef.dir/build.make:99: cmTC_0a9ef] Error 1
gmake[1]: Leaving directory '/workspaces/Armdax9OS/out/build/ArmDax9OS/CMakeFiles/CMakeTmp'
gmake: *** [Makefile:127: cmTC_0a9ef/fast] Error 2




Determining if the C compiler works failed with the following output:
Change Dir: /workspaces/Armdax9OS/out/build/ArmDax9OS/CMakeFiles/CMakeTmp

Run Build Command(s):/usr/bin/gmake -f Makefile cmTC_48745/fast && /usr/bin/gmake  -f CMakeFiles/cmTC_48745.dir/build.make CMakeFiles/cmTC_48745.dir/build
gmake[1]: Entering directory '/workspaces/Armdax9OS/out/build/ArmDax9OS/CMakeFiles/CMakeTmp'
Building C object CMakeFiles/cmTC_48745.dir/testCCompiler.c.o
/home/weqasds/gcc-arm-none-eabi-12.4/bin/arm-none-eabi-gcc    -o CMakeFiles/cmTC_48745.dir/testCCompiler.c.o -c /workspaces/Armdax9OS/out/build/ArmDax9OS/CMakeFiles/CMakeTmp/testCCompiler.c
Linking C executable cmTC_48745
/usr/bin/cmake -E cmake_link_script CMakeFiles/cmTC_48745.dir/link.txt --verbose=1
/home/weqasds/gcc-arm-none-eabi-12.4/bin/arm-none-eabi-gcc CMakeFiles/cmTC_48745.dir/testCCompiler.c.o -o cmTC_48745 
/home/weqasds/gcc-arm-none-eabi-12.4/lib/gcc/arm-none-eabi/12.4.0/../../../../arm-none-eabi/bin/ld: cannot find crt0.o: No such file or directory
/home/weqasds/gcc-arm-none-eabi-12.4/lib/gcc/arm-none-eabi/12.4.0/../../../../arm-none-eabi/bin/ld: cannot find -lc: No such file or directory
collect2: error: ld returned 1 exit status
gmake[1]: *** [CMakeFiles/cmTC_48745.dir/build.make:99: cmTC_48745] Error 1
gmake[1]: Leaving directory '/workspaces/Armdax9OS/out/build/ArmDax9OS/CMakeFiles/CMakeTmp'
gmake: *** [Makefile:127: cmTC_48745/fast] Error 2



